0 verbose cli /Users/nepomukcrhonek/.nvm/versions/node/v20.19.1/bin/node /Users/nepomukcrhonek/.nvm/versions/node/v20.19.1/bin/npm
1 info using npm@11.3.0
2 info using node@v20.19.1
3 silly config load:file:/Users/nepomukcrhonek/.nvm/versions/node/v20.19.1/lib/node_modules/npm/npmrc
4 silly config load:file:/Users/nepomukcrhonek/Documents/2025uK294_NeCrh_rickandmorty/.npmrc
5 silly config load:file:/Users/nepomukcrhonek/.npmrc
6 silly config load:file:/Users/nepomukcrhonek/.nvm/versions/node/v20.19.1/etc/npmrc
7 verbose title npm create vite rickandmorty --template react-ts
8 verbose argv "create" "vite" "rickandmorty" "--" "--template" "react-ts"
9 verbose logfile logs-max:10 dir:/Users/nepomukcrhonek/Documents/2025uK294_NeCrh_rickandmorty/npm-cache/_logs/2025-05-14T08_20_04_396Z-
10 verbose logfile /Users/nepomukcrhonek/Documents/2025uK294_NeCrh_rickandmorty/npm-cache/_logs/2025-05-14T08_20_04_396Z-debug-0.log
11 silly logfile done cleaning log files
12 silly packumentCache heap:4345298944 maxSize:1086324736 maxEntrySize:543162368
13 http fetch GET 200 https://registry.npmjs.org/npm 340ms
14 http fetch GET 200 https://registry.npmjs.org/create-vite 339ms (cache miss)
15 silly packumentCache heap:4345298944 maxSize:1086324736 maxEntrySize:543162368
16 silly idealTree buildDeps
17 silly fetch manifest create-vite@6.5.0
18 silly packumentCache full:https://registry.npmjs.org/create-vite cache-miss
19 http fetch GET 200 https://registry.npmjs.org/create-vite 97ms (cache miss)
20 silly packumentCache full:https://registry.npmjs.org/create-vite set size:undefined disposed:false
21 silly placeDep ROOT create-vite@6.5.0 OK for:  want: 6.5.0
22 silly reify moves {}
23 silly audit bulk request { 'create-vite': [ '6.5.0' ] }
24 http cache create-vite@https://registry.npmjs.org/create-vite/-/create-vite-6.5.0.tgz 0ms (cache hit)
25 silly tarball no local data for create-vite@https://registry.npmjs.org/create-vite/-/create-vite-6.5.0.tgz. Extracting by manifest.
26 http fetch GET 200 https://registry.npmjs.org/create-vite/-/create-vite-6.5.0.tgz 164ms (cache miss)
27 http fetch POST 200 https://registry.npmjs.org/-/npm/v1/security/advisories/bulk 310ms
28 silly audit report {}
29 verbose cwd /Users/nepomukcrhonek/Documents/2025uK294_NeCrh_rickandmorty
30 verbose os Darwin 24.5.0
31 verbose node v20.19.1
32 verbose npm  v11.3.0
33 verbose exit 0
34 info ok
